Command line invocation:
    /Applications/Xcode.app/Contents/Developer/usr/bin/xcodebuild build -project /Users/valenyala/repos/100daysOfSwiftUI/CupcakeCorner/CupcakeCorner.xcodeproj -scheme CupcakeCorner -destination id=4BCB48D2-C0CD-4178-88D9-C4CCADD8288B -parallelizeTargets

User defaults from command line:
    IDEPackageSupportUseBuiltinSCM = YES

Resolve Package Graph


Resolved source packages:
  Inject: https://github.com/krzysztofzablocki/Inject.git @ 1.5.2

--- xcodebuild: WARNING: Using the first of multiple matching destinations:
{ platform:iOS Simulator, id:4BCB48D2-C0CD-4178-88D9-C4CCADD8288B, OS:18.1, name:iPhone 16 }
{ platform:iOS Simulator, id:4BCB48D2-C0CD-4178-88D9-C4CCADD8288B, OS:18.1, name:iPhone 16 }
Prepare packages

ComputeTargetDependencyGraph
note: Building targets in dependency order
note: Target dependency graph (3 targets)
    Target 'CupcakeCorner' in project 'CupcakeCorner'
        ➜ Explicit dependency on target 'Inject' in project 'Inject'
    Target 'Inject' in project 'Inject'
        ➜ Explicit dependency on target 'Inject' in project 'Inject'
    Target 'Inject' in project 'Inject' (no dependencies)

GatherProvisioningInputs

CreateBuildDescription

ExecuteExternalTool /Applications/Xcode.app/Contents/Developer/Toolchains/XcodeDefault.xctoolchain/usr/bin/swiftc --version

ExecuteExternalTool /Applications/Xcode.app/Contents/Developer/usr/bin/actool --print-asset-tag-combinations --output-format xml1 /Users/valenyala/repos/100daysOfSwiftUI/CupcakeCorner/CupcakeCorner/Preview Content/Preview Assets.xcassets /Users/valenyala/repos/100daysOfSwiftUI/CupcakeCorner/CupcakeCorner/Assets.xcassets

ExecuteExternalTool /Applications/Xcode.app/Contents/Developer/Toolchains/XcodeDefault.xctoolchain/usr/bin/clang -v -E -dM -isysroot /Applications/Xcode.app/Contents/Developer/Platforms/iPhoneSimulator.platform/Developer/SDKs/iPhoneSimulator18.1.sdk -x c -c /dev/null

ExecuteExternalTool /Applications/Xcode.app/Contents/Developer/usr/bin/actool --version --output-format xml1

ExecuteExternalTool /Applications/Xcode.app/Contents/Developer/Toolchains/XcodeDefault.xctoolchain/usr/bin/ld -version_details

Build description signature: e23a133d50ec7dec0bfbb77613cffa8f
Build description path: /Users/valenyala/Library/Developer/Xcode/DerivedData/CupcakeCorner-bpdtamhcobcyswbcgmpuzwrfbfjd/Build/Intermediates.noindex/XCBuildData/e23a133d50ec7dec0bfbb77613cffa8f.xcbuilddata
ClangStatCache /Applications/Xcode.app/Contents/Developer/Toolchains/XcodeDefault.xctoolchain/usr/bin/clang-stat-cache /Applications/Xcode.app/Contents/Developer/Platforms/iPhoneSimulator.platform/Developer/SDKs/iPhoneSimulator18.1.sdk /Users/valenyala/Library/Developer/Xcode/DerivedData/SDKStatCaches.noindex/iphonesimulator18.1-22B74-3d93aac3a03ebac1dd8474c5def773dc.sdkstatcache
    cd /Users/valenyala/repos/100daysOfSwiftUI/CupcakeCorner/CupcakeCorner.xcodeproj
    /Applications/Xcode.app/Contents/Developer/Toolchains/XcodeDefault.xctoolchain/usr/bin/clang-stat-cache /Applications/Xcode.app/Contents/Developer/Platforms/iPhoneSimulator.platform/Developer/SDKs/iPhoneSimulator18.1.sdk -o /Users/valenyala/Library/Developer/Xcode/DerivedData/SDKStatCaches.noindex/iphonesimulator18.1-22B74-3d93aac3a03ebac1dd8474c5def773dc.sdkstatcache

Ld /Users/valenyala/Library/Developer/Xcode/DerivedData/CupcakeCorner-bpdtamhcobcyswbcgmpuzwrfbfjd/Build/Products/Debug-iphonesimulator/CupcakeCorner.app/CupcakeCorner.debug.dylib normal (in target 'CupcakeCorner' from project 'CupcakeCorner')
    cd /Users/valenyala/repos/100daysOfSwiftUI/CupcakeCorner
    /Applications/Xcode.app/Contents/Developer/Toolchains/XcodeDefault.xctoolchain/usr/bin/clang -Xlinker -reproducible -target arm64-apple-ios18.1-simulator -dynamiclib -isysroot /Applications/Xcode.app/Contents/Developer/Platforms/iPhoneSimulator.platform/Developer/SDKs/iPhoneSimulator18.1.sdk -O0 -L/Users/valenyala/Library/Developer/Xcode/DerivedData/CupcakeCorner-bpdtamhcobcyswbcgmpuzwrfbfjd/Build/Intermediates.noindex/EagerLinkingTBDs/Debug-iphonesimulator -L/Users/valenyala/Library/Developer/Xcode/DerivedData/CupcakeCorner-bpdtamhcobcyswbcgmpuzwrfbfjd/Build/Products/Debug-iphonesimulator -F/Users/valenyala/Library/Developer/Xcode/DerivedData/CupcakeCorner-bpdtamhcobcyswbcgmpuzwrfbfjd/Build/Intermediates.noindex/EagerLinkingTBDs/Debug-iphonesimulator -F/Users/valenyala/Library/Developer/Xcode/DerivedData/CupcakeCorner-bpdtamhcobcyswbcgmpuzwrfbfjd/Build/Products/Debug-iphonesimulator/PackageFrameworks -F/Users/valenyala/Library/Developer/Xcode/DerivedData/CupcakeCorner-bpdtamhcobcyswbcgmpuzwrfbfjd/Build/Products/Debug-iphonesimulator -filelist /Users/valenyala/Library/Developer/Xcode/DerivedData/CupcakeCorner-bpdtamhcobcyswbcgmpuzwrfbfjd/Build/Intermediates.noindex/CupcakeCorner.build/Debug-iphonesimulator/CupcakeCorner.build/Objects-normal/arm64/CupcakeCorner.LinkFileList -install_name @rpath/CupcakeCorner.debug.dylib -Xlinker -rpath -Xlinker /Users/valenyala/Library/Developer/Xcode/DerivedData/CupcakeCorner-bpdtamhcobcyswbcgmpuzwrfbfjd/Build/Products/Debug-iphonesimulator/PackageFrameworks -Xlinker -rpath -Xlinker @executable_path/Frameworks -dead_strip -Xlinker -object_path_lto -Xlinker /Users/valenyala/Library/Developer/Xcode/DerivedData/CupcakeCorner-bpdtamhcobcyswbcgmpuzwrfbfjd/Build/Intermediates.noindex/CupcakeCorner.build/Debug-iphonesimulator/CupcakeCorner.build/Objects-normal/arm64/CupcakeCorner_lto.o -Xlinker -export_dynamic -Xlinker -no_deduplicate -Xlinker -objc_abi_version -Xlinker 2 -fobjc-link-runtime -L/Applications/Xcode.app/Contents/Developer/Toolchains/XcodeDefault.xctoolchain/usr/lib/swift/iphonesimulator -L/usr/lib/swift -Xlinker -add_ast_path -Xlinker /Users/valenyala/Library/Developer/Xcode/DerivedData/CupcakeCorner-bpdtamhcobcyswbcgmpuzwrfbfjd/Build/Intermediates.noindex/CupcakeCorner.build/Debug-iphonesimulator/CupcakeCorner.build/Objects-normal/arm64/CupcakeCorner.swiftmodule -Wl,-no_warn_duplicate_libraries -Xlinker -interposable -Xlinker -alias -Xlinker _main -Xlinker ___debug_main_executable_dylib_entry_point -Xlinker -no_adhoc_codesign -Xlinker -dependency_info -Xlinker /Users/valenyala/Library/Developer/Xcode/DerivedData/CupcakeCorner-bpdtamhcobcyswbcgmpuzwrfbfjd/Build/Intermediates.noindex/CupcakeCorner.build/Debug-iphonesimulator/CupcakeCorner.build/Objects-normal/arm64/CupcakeCorner_dependency_info.dat -o /Users/valenyala/Library/Developer/Xcode/DerivedData/CupcakeCorner-bpdtamhcobcyswbcgmpuzwrfbfjd/Build/Products/Debug-iphonesimulator/CupcakeCorner.app/CupcakeCorner.debug.dylib -Xlinker -add_ast_path -Xlinker /Users/valenyala/Library/Developer/Xcode/DerivedData/CupcakeCorner-bpdtamhcobcyswbcgmpuzwrfbfjd/Build/Intermediates.noindex/Inject.build/Debug-iphonesimulator/Inject.build/Objects-normal/arm64/Inject.swiftmodule

ConstructStubExecutorLinkFileList /Users/valenyala/Library/Developer/Xcode/DerivedData/CupcakeCorner-bpdtamhcobcyswbcgmpuzwrfbfjd/Build/Intermediates.noindex/CupcakeCorner.build/Debug-iphonesimulator/CupcakeCorner.build/CupcakeCorner-ExecutorLinkFileList-normal-arm64.txt (in target 'CupcakeCorner' from project 'CupcakeCorner')
    cd /Users/valenyala/repos/100daysOfSwiftUI/CupcakeCorner
    construct-stub-executor-link-file-list /Users/valenyala/Library/Developer/Xcode/DerivedData/CupcakeCorner-bpdtamhcobcyswbcgmpuzwrfbfjd/Build/Products/Debug-iphonesimulator/CupcakeCorner.app/CupcakeCorner.debug.dylib /Applications/Xcode.app/Contents/Developer/Platforms/iPhoneSimulator.platform/Developer/usr/lib/libPreviewsJITStubExecutor_no_swift_entry_point.a /Applications/Xcode.app/Contents/Developer/Platforms/iPhoneSimulator.platform/Developer/usr/lib/libPreviewsJITStubExecutor.a --output /Users/valenyala/Library/Developer/Xcode/DerivedData/CupcakeCorner-bpdtamhcobcyswbcgmpuzwrfbfjd/Build/Intermediates.noindex/CupcakeCorner.build/Debug-iphonesimulator/CupcakeCorner.build/CupcakeCorner-ExecutorLinkFileList-normal-arm64.txt
note: Using stub executor library with Swift entry point. (in target 'CupcakeCorner' from project 'CupcakeCorner')

Ld /Users/valenyala/Library/Developer/Xcode/DerivedData/CupcakeCorner-bpdtamhcobcyswbcgmpuzwrfbfjd/Build/Products/Debug-iphonesimulator/CupcakeCorner.app/CupcakeCorner normal (in target 'CupcakeCorner' from project 'CupcakeCorner')
    cd /Users/valenyala/repos/100daysOfSwiftUI/CupcakeCorner
    /Applications/Xcode.app/Contents/Developer/Toolchains/XcodeDefault.xctoolchain/usr/bin/clang -Xlinker -reproducible -target arm64-apple-ios18.1-simulator -isysroot /Applications/Xcode.app/Contents/Developer/Platforms/iPhoneSimulator.platform/Developer/SDKs/iPhoneSimulator18.1.sdk -O0 -L/Users/valenyala/Library/Developer/Xcode/DerivedData/CupcakeCorner-bpdtamhcobcyswbcgmpuzwrfbfjd/Build/Products/Debug-iphonesimulator -F/Users/valenyala/Library/Developer/Xcode/DerivedData/CupcakeCorner-bpdtamhcobcyswbcgmpuzwrfbfjd/Build/Products/Debug-iphonesimulator/PackageFrameworks -F/Users/valenyala/Library/Developer/Xcode/DerivedData/CupcakeCorner-bpdtamhcobcyswbcgmpuzwrfbfjd/Build/Products/Debug-iphonesimulator -Xlinker -rpath -Xlinker @executable_path -Xlinker -rpath -Xlinker /Users/valenyala/Library/Developer/Xcode/DerivedData/CupcakeCorner-bpdtamhcobcyswbcgmpuzwrfbfjd/Build/Products/Debug-iphonesimulator/PackageFrameworks -Xlinker -rpath -Xlinker @executable_path/Frameworks -Xlinker -export_dynamic -Xlinker -no_deduplicate -Xlinker -objc_abi_version -Xlinker 2 -e ___debug_blank_executor_main -Xlinker -sectcreate -Xlinker __TEXT -Xlinker __debug_dylib -Xlinker /Users/valenyala/Library/Developer/Xcode/DerivedData/CupcakeCorner-bpdtamhcobcyswbcgmpuzwrfbfjd/Build/Intermediates.noindex/CupcakeCorner.build/Debug-iphonesimulator/CupcakeCorner.build/CupcakeCorner-DebugDylibPath-normal-arm64.txt -Xlinker -sectcreate -Xlinker __TEXT -Xlinker __debug_instlnm -Xlinker /Users/valenyala/Library/Developer/Xcode/DerivedData/CupcakeCorner-bpdtamhcobcyswbcgmpuzwrfbfjd/Build/Intermediates.noindex/CupcakeCorner.build/Debug-iphonesimulator/CupcakeCorner.build/CupcakeCorner-DebugDylibInstallName-normal-arm64.txt -Xlinker -filelist -Xlinker /Users/valenyala/Library/Developer/Xcode/DerivedData/CupcakeCorner-bpdtamhcobcyswbcgmpuzwrfbfjd/Build/Intermediates.noindex/CupcakeCorner.build/Debug-iphonesimulator/CupcakeCorner.build/CupcakeCorner-ExecutorLinkFileList-normal-arm64.txt -Xlinker -sectcreate -Xlinker __TEXT -Xlinker __entitlements -Xlinker /Users/valenyala/Library/Developer/Xcode/DerivedData/CupcakeCorner-bpdtamhcobcyswbcgmpuzwrfbfjd/Build/Intermediates.noindex/CupcakeCorner.build/Debug-iphonesimulator/CupcakeCorner.build/CupcakeCorner.app-Simulated.xcent -Xlinker -sectcreate -Xlinker __TEXT -Xlinker __ents_der -Xlinker /Users/valenyala/Library/Developer/Xcode/DerivedData/CupcakeCorner-bpdtamhcobcyswbcgmpuzwrfbfjd/Build/Intermediates.noindex/CupcakeCorner.build/Debug-iphonesimulator/CupcakeCorner.build/CupcakeCorner.app-Simulated.xcent.der /Users/valenyala/Library/Developer/Xcode/DerivedData/CupcakeCorner-bpdtamhcobcyswbcgmpuzwrfbfjd/Build/Products/Debug-iphonesimulator/CupcakeCorner.app/CupcakeCorner.debug.dylib -o /Users/valenyala/Library/Developer/Xcode/DerivedData/CupcakeCorner-bpdtamhcobcyswbcgmpuzwrfbfjd/Build/Products/Debug-iphonesimulator/CupcakeCorner.app/CupcakeCorner

ExtractAppIntentsMetadata (in target 'CupcakeCorner' from project 'CupcakeCorner')
    cd /Users/valenyala/repos/100daysOfSwiftUI/CupcakeCorner
    /Applications/Xcode.app/Contents/Developer/Toolchains/XcodeDefault.xctoolchain/usr/bin/appintentsmetadataprocessor --output /Users/valenyala/Library/Developer/Xcode/DerivedData/CupcakeCorner-bpdtamhcobcyswbcgmpuzwrfbfjd/Build/Products/Debug-iphonesimulator/CupcakeCorner.app --toolchain-dir /Applications/Xcode.app/Contents/Developer/Toolchains/XcodeDefault.xctoolchain --module-name CupcakeCorner --sdk-root /Applications/Xcode.app/Contents/Developer/Platforms/iPhoneSimulator.platform/Developer/SDKs/iPhoneSimulator18.1.sdk --xcode-version 16B40 --platform-family iOS --deployment-target 18.1 --bundle-identifier com.valenyang.CupcakeCorner --target-triple arm64-apple-ios18.1-simulator --binary-file /Users/valenyala/Library/Developer/Xcode/DerivedData/CupcakeCorner-bpdtamhcobcyswbcgmpuzwrfbfjd/Build/Products/Debug-iphonesimulator/CupcakeCorner.app/CupcakeCorner --dependency-file /Users/valenyala/Library/Developer/Xcode/DerivedData/CupcakeCorner-bpdtamhcobcyswbcgmpuzwrfbfjd/Build/Intermediates.noindex/CupcakeCorner.build/Debug-iphonesimulator/CupcakeCorner.build/Objects-normal/arm64/CupcakeCorner_dependency_info.dat --stringsdata-file /Users/valenyala/Library/Developer/Xcode/DerivedData/CupcakeCorner-bpdtamhcobcyswbcgmpuzwrfbfjd/Build/Intermediates.noindex/CupcakeCorner.build/Debug-iphonesimulator/CupcakeCorner.build/Objects-normal/arm64/ExtractedAppShortcutsMetadata.stringsdata --source-file-list /Users/valenyala/Library/Developer/Xcode/DerivedData/CupcakeCorner-bpdtamhcobcyswbcgmpuzwrfbfjd/Build/Intermediates.noindex/CupcakeCorner.build/Debug-iphonesimulator/CupcakeCorner.build/Objects-normal/arm64/CupcakeCorner.SwiftFileList --metadata-file-list /Users/valenyala/Library/Developer/Xcode/DerivedData/CupcakeCorner-bpdtamhcobcyswbcgmpuzwrfbfjd/Build/Intermediates.noindex/CupcakeCorner.build/Debug-iphonesimulator/CupcakeCorner.build/CupcakeCorner.DependencyMetadataFileList --swift-const-vals-list /Users/valenyala/Library/Developer/Xcode/DerivedData/CupcakeCorner-bpdtamhcobcyswbcgmpuzwrfbfjd/Build/Intermediates.noindex/CupcakeCorner.build/Debug-iphonesimulator/CupcakeCorner.build/Objects-normal/arm64/CupcakeCorner.SwiftConstValuesFileList --compile-time-extraction --deployment-aware-processing --validate-assistant-intents
note: Metadata extraction skipped. No AppIntents.framework dependency found. (in target 'CupcakeCorner' from project 'CupcakeCorner')

CopySwiftLibs /Users/valenyala/Library/Developer/Xcode/DerivedData/CupcakeCorner-bpdtamhcobcyswbcgmpuzwrfbfjd/Build/Products/Debug-iphonesimulator/CupcakeCorner.app (in target 'CupcakeCorner' from project 'CupcakeCorner')
    cd /Users/valenyala/repos/100daysOfSwiftUI/CupcakeCorner
    builtin-swiftStdLibTool --copy --verbose --sign - --scan-executable /Users/valenyala/Library/Developer/Xcode/DerivedData/CupcakeCorner-bpdtamhcobcyswbcgmpuzwrfbfjd/Build/Products/Debug-iphonesimulator/CupcakeCorner.app/CupcakeCorner.debug.dylib --scan-folder /Users/valenyala/Library/Developer/Xcode/DerivedData/CupcakeCorner-bpdtamhcobcyswbcgmpuzwrfbfjd/Build/Products/Debug-iphonesimulator/CupcakeCorner.app/Frameworks --scan-folder /Users/valenyala/Library/Developer/Xcode/DerivedData/CupcakeCorner-bpdtamhcobcyswbcgmpuzwrfbfjd/Build/Products/Debug-iphonesimulator/CupcakeCorner.app/PlugIns --scan-folder /Users/valenyala/Library/Developer/Xcode/DerivedData/CupcakeCorner-bpdtamhcobcyswbcgmpuzwrfbfjd/Build/Products/Debug-iphonesimulator/CupcakeCorner.app/SystemExtensions --scan-folder /Users/valenyala/Library/Developer/Xcode/DerivedData/CupcakeCorner-bpdtamhcobcyswbcgmpuzwrfbfjd/Build/Products/Debug-iphonesimulator/CupcakeCorner.app/Extensions --platform iphonesimulator --toolchain /Applications/Xcode.app/Contents/Developer/Toolchains/XcodeDefault.xctoolchain --destination /Users/valenyala/Library/Developer/Xcode/DerivedData/CupcakeCorner-bpdtamhcobcyswbcgmpuzwrfbfjd/Build/Products/Debug-iphonesimulator/CupcakeCorner.app/Frameworks --strip-bitcode --strip-bitcode-tool /Applications/Xcode.app/Contents/Developer/Toolchains/XcodeDefault.xctoolchain/usr/bin/bitcode_strip --emit-dependency-info /Users/valenyala/Library/Developer/Xcode/DerivedData/CupcakeCorner-bpdtamhcobcyswbcgmpuzwrfbfjd/Build/Intermediates.noindex/CupcakeCorner.build/Debug-iphonesimulator/CupcakeCorner.build/SwiftStdLibToolInputDependencies.dep --filter-for-swift-os

ProcessInfoPlistFile /Users/valenyala/Library/Developer/Xcode/DerivedData/CupcakeCorner-bpdtamhcobcyswbcgmpuzwrfbfjd/Build/Products/Debug-iphonesimulator/CupcakeCorner.app/Info.plist /Users/valenyala/Library/Developer/Xcode/DerivedData/CupcakeCorner-bpdtamhcobcyswbcgmpuzwrfbfjd/Build/Intermediates.noindex/CupcakeCorner.build/Debug-iphonesimulator/CupcakeCorner.build/empty-CupcakeCorner.plist (in target 'CupcakeCorner' from project 'CupcakeCorner')
    cd /Users/valenyala/repos/100daysOfSwiftUI/CupcakeCorner
    builtin-infoPlistUtility /Users/valenyala/Library/Developer/Xcode/DerivedData/CupcakeCorner-bpdtamhcobcyswbcgmpuzwrfbfjd/Build/Intermediates.noindex/CupcakeCorner.build/Debug-iphonesimulator/CupcakeCorner.build/empty-CupcakeCorner.plist -producttype com.apple.product-type.application -genpkginfo /Users/valenyala/Library/Developer/Xcode/DerivedData/CupcakeCorner-bpdtamhcobcyswbcgmpuzwrfbfjd/Build/Products/Debug-iphonesimulator/CupcakeCorner.app/PkgInfo -expandbuildsettings -format binary -platform iphonesimulator -additionalcontentfile /Users/valenyala/Library/Developer/Xcode/DerivedData/CupcakeCorner-bpdtamhcobcyswbcgmpuzwrfbfjd/Build/Intermediates.noindex/CupcakeCorner.build/Debug-iphonesimulator/CupcakeCorner.build/assetcatalog_generated_info.plist -o /Users/valenyala/Library/Developer/Xcode/DerivedData/CupcakeCorner-bpdtamhcobcyswbcgmpuzwrfbfjd/Build/Products/Debug-iphonesimulator/CupcakeCorner.app/Info.plist

CodeSign /Users/valenyala/Library/Developer/Xcode/DerivedData/CupcakeCorner-bpdtamhcobcyswbcgmpuzwrfbfjd/Build/Products/Debug-iphonesimulator/CupcakeCorner.app/CupcakeCorner.debug.dylib (in target 'CupcakeCorner' from project 'CupcakeCorner')
    cd /Users/valenyala/repos/100daysOfSwiftUI/CupcakeCorner
    
    Signing Identity:     "Sign to Run Locally"
    
    /usr/bin/codesign --force --sign - --timestamp\=none --generate-entitlement-der /Users/valenyala/Library/Developer/Xcode/DerivedData/CupcakeCorner-bpdtamhcobcyswbcgmpuzwrfbfjd/Build/Products/Debug-iphonesimulator/CupcakeCorner.app/CupcakeCorner.debug.dylib

CodeSign /Users/valenyala/Library/Developer/Xcode/DerivedData/CupcakeCorner-bpdtamhcobcyswbcgmpuzwrfbfjd/Build/Products/Debug-iphonesimulator/CupcakeCorner.app (in target 'CupcakeCorner' from project 'CupcakeCorner')
    cd /Users/valenyala/repos/100daysOfSwiftUI/CupcakeCorner
    
    Signing Identity:     "Sign to Run Locally"
    
    /usr/bin/codesign --force --sign - --timestamp\=none --generate-entitlement-der /Users/valenyala/Library/Developer/Xcode/DerivedData/CupcakeCorner-bpdtamhcobcyswbcgmpuzwrfbfjd/Build/Products/Debug-iphonesimulator/CupcakeCorner.app
/Users/valenyala/Library/Developer/Xcode/DerivedData/CupcakeCorner-bpdtamhcobcyswbcgmpuzwrfbfjd/Build/Products/Debug-iphonesimulator/CupcakeCorner.app: replacing existing signature

Validate /Users/valenyala/Library/Developer/Xcode/DerivedData/CupcakeCorner-bpdtamhcobcyswbcgmpuzwrfbfjd/Build/Products/Debug-iphonesimulator/CupcakeCorner.app (in target 'CupcakeCorner' from project 'CupcakeCorner')
    cd /Users/valenyala/repos/100daysOfSwiftUI/CupcakeCorner
    builtin-validationUtility /Users/valenyala/Library/Developer/Xcode/DerivedData/CupcakeCorner-bpdtamhcobcyswbcgmpuzwrfbfjd/Build/Products/Debug-iphonesimulator/CupcakeCorner.app -infoplist-subpath Info.plist

** BUILD SUCCEEDED **


